-------------------------------------------------------------------------------
Test set: Runer.RunTest
-------------------------------------------------------------------------------
Tests run: 5, Failures: 1, Errors: 1, Skipped: 0, Time elapsed: 2.283 sec <<< FAILURE!
Translate save-rescue-configs for Juniper deciphering service (all platforms)(Translate payload for Juniper (all platforms))  Time elapsed: 0.223 sec  <<< FAILURE!
java.lang.AssertionError: response.telemetry-system.destination-groups.destination-group[group-id=0].destinations.destination[]: Expected 3 values but got 2 ; response.telemetry-system.sensor-groups.sensor-group[]: Expected 48 values but got 32 ; response.telemetry-system.subscriptions.persistent.subscription[subscription-name=SubSNP].destination-groups.destination-group[]: Expected 3 values but got 2 ; response.telemetry-system.subscriptions.persistent.subscription[subscription-name=SubSNP].sensor-profiles.sensor-profile[]: Expected 48 values but got 32
	at org.skyscreamer.jsonassert.JSONAssert.assertEquals(JSONAssert.java:417)
	at org.skyscreamer.jsonassert.JSONAssert.assertEquals(JSONAssert.java:394)
	at org.skyscreamer.jsonassert.JSONAssert.assertEquals(JSONAssert.java:336)
	at Glue.PNP_24130Glue.lambda$new$3(PNP_24130Glue.java:74)
	at ✽.I get back dResp and HTTP 200 from deciphering service !(src/test/resources/Features/PNP-24130.feature:17)

Translate save-rescue-configs for Juniper translation service (all platforms)(Translate save-rescue-configs for Juniper (all platforms))  Time elapsed: 0.035 sec  <<< ERROR!
java.net.SocketException: Connection reset
	at java.net.SocketInputStream.read(SocketInputStream.java:210)
	at java.net.SocketInputStream.read(SocketInputStream.java:141)
	at org.apache.http.impl.conn.LoggingInputStream.read(LoggingInputStream.java:84)
	at org.apache.http.impl.io.SessionInputBufferImpl.streamRead(SessionInputBufferImpl.java:137)
	at org.apache.http.impl.io.SessionInputBufferImpl.fillBuffer(SessionInputBufferImpl.java:153)
	at org.apache.http.impl.io.SessionInputBufferImpl.readLine(SessionInputBufferImpl.java:282)
	at org.apache.http.impl.conn.DefaultHttpResponseParser.parseHead(DefaultHttpResponseParser.java:138)
	at org.apache.http.impl.conn.DefaultHttpResponseParser.parseHead(DefaultHttpResponseParser.java:56)
	at org.apache.http.impl.io.AbstractMessageParser.parse(AbstractMessageParser.java:259)
	at org.apache.http.impl.DefaultBHttpClientConnection.receiveResponseHeader(DefaultBHttpClientConnection.java:163)
	at org.apache.http.impl.conn.CPoolProxy.receiveResponseHeader(CPoolProxy.java:165)
	at org.apache.http.protocol.HttpRequestExecutor.doReceiveResponse(HttpRequestExecutor.java:273)
	at org.apache.http.protocol.HttpRequestExecutor.execute(HttpRequestExecutor.java:125)
	at org.apache.http.impl.execchain.MainClientExec.execute(MainClientExec.java:272)
	at org.apache.http.impl.execchain.ProtocolExec.execute(ProtocolExec.java:185)
	at org.apache.http.impl.execchain.RetryExec.execute(RetryExec.java:89)
	at org.apache.http.impl.execchain.RedirectExec.execute(RedirectExec.java:111)
	at org.apache.http.impl.client.InternalHttpClient.doExecute(InternalHttpClient.java:185)
	at org.apache.http.impl.client.CloseableHttpClient.execute(CloseableHttpClient.java:83)
	at org.apache.http.impl.client.CloseableHttpClient.execute(CloseableHttpClient.java:56)
	at org.apache.http.client.fluent.Request.internalExecute(Request.java:173)
	at org.apache.http.client.fluent.Request.execute(Request.java:177)
	at Glue.PNP_26237Glue.lambda$new$0(PNP_26237Glue.java:50)
	at ✽.I post save-rescue-config-t to translation service(src/test/resources/Features/PNP-26237.feature:6)

