<?xml version="1.0" encoding="UTF-8" ?>
<testsuite tests="1" failures="1" name="Runer.RunTest" time="3.157" errors="0" skipped="0">
  <properties>
[...]
</properties>
  <testcase classname="API test for setting some students to the service" name="Add some students into the list" time="3.157">
    <failure message="
Expected: a JSON array
     got: a JSON object
" type="java.lang.AssertionError">java.lang.AssertionError: 
Expected: a JSON array
     got: a JSON object

	at org.skyscreamer.jsonassert.JSONAssert.assertEquals(JSONAssert.java:417)
	at org.skyscreamer.jsonassert.JSONAssert.assertEquals(JSONAssert.java:394)
	at org.skyscreamer.jsonassert.JSONAssert.assertEquals(JSONAssert.java:336)
	at Glue.SetSomeStudents_Glue.lambda$new$1(SetSomeStudents_Glue.java:63)
	at ✽.I should get new list sixStudents after adding(src/test/resources/Features/SetSomeStudents.feature:7)
</failure>
    <system-out>@Students
Feature: API test for setting some students to the service

  @Students
  Scenario: Add some students into the list             &amp;#27;[90m# src/test/resources/Features/SetSomeStudents.feature:5&amp;#27;[0m
    &amp;#27;[32mWhen &amp;#27;[0m&amp;#27;[32mI add some students &amp;#27;[0m&amp;#27;[32m&amp;#27;[1madd2&amp;#27;[0m                       &amp;#27;[90m# SetSomeStudents_Glue.java:48&amp;#27;[0m
    &amp;#27;[31mThen &amp;#27;[0m&amp;#27;[31mI should get new list &amp;#27;[0m&amp;#27;[31m&amp;#27;[1msixStudents&amp;#27;[0m&amp;#27;[31m after adding&amp;#27;[0m &amp;#27;[90m# SetSomeStudents_Glue.java:54&amp;#27;[0m
      &amp;#27;[31mjava.lang.AssertionError: 
Expected: a JSON array
     got: a JSON object

	at org.skyscreamer.jsonassert.JSONAssert.assertEquals(JSONAssert.java:417)
	at org.skyscreamer.jsonassert.JSONAssert.assertEquals(JSONAssert.java:394)
	at org.skyscreamer.jsonassert.JSONAssert.assertEquals(JSONAssert.java:336)
	at Glue.SetSomeStudents_Glue.lambda$new$1(SetSomeStudents_Glue.java:63)
	at ✽.I should get new list sixStudents after adding(src/test/resources/Features/SetSomeStudents.feature:7)
&amp;#27;[0m
</system-out>
    <system-err>log4j:WARN No appenders could be found for logger (org.apache.http.client.protocol.RequestAddCookies).
log4j:WARN Please initialize the log4j system properly.
log4j:WARN See http://logging.apache.org/log4j/1.2/faq.html#noconfig for more info.
</system-err>
  </testcase>
</testsuite>