<?xml version="1.0" encoding="UTF-8" ?>
<testsuite tests="3" failures="3" name="Runer.RunTest" time="0.809" errors="0" skipped="0">
  <properties>
    <property name="java.runtime.name" value="Java(TM) SE Runtime Environment"/>
    <property name="sun.boot.library.path" value="/Library/Java/JavaVirtualMachines/jdk1.8.0_191.jdk/Contents/Home/jre/lib"/>
    <property name="java.vm.version" value="25.191-b12"/>
    <property name="gopherProxySet" value="false"/>
    <property name="java.vm.vendor" value="Oracle Corporation"/>
    <property name="maven.multiModuleProjectDirectory" value="/Users/villiburduza/Study/Projects/TryCucumber"/>
    <property name="java.vendor.url" value="http://java.oracle.com/"/>
    <property name="path.separator" value=":"/>
    <property name="guice.disable.misplaced.annotation.check" value="true"/>
    <property name="java.vm.name" value="Java HotSpot(TM) 64-Bit Server VM"/>
    <property name="file.encoding.pkg" value="sun.io"/>
    <property name="user.country" value="UA"/>
    <property name="sun.java.launcher" value="SUN_STANDARD"/>
    <property name="sun.os.patch.level" value="unknown"/>
    <property name="java.vm.specification.name" value="Java Virtual Machine Specification"/>
    <property name="user.dir" value="/Users/villiburduza/Study/Projects/TryCucumber"/>
    <property name="java.runtime.version" value="1.8.0_191-b12"/>
    <property name="java.awt.graphicsenv" value="sun.awt.CGraphicsEnvironment"/>
    <property name="java.endorsed.dirs" value="/Library/Java/JavaVirtualMachines/jdk1.8.0_191.jdk/Contents/Home/jre/lib/endorsed"/>
    <property name="os.arch" value="x86_64"/>
    <property name="java.io.tmpdir" value="/var/folders/3x/xpcfwdl92hb6r_xlscr_lvv00000gp/T/"/>
    <property name="line.separator" value="
"/>
    <property name="java.vm.specification.vendor" value="Oracle Corporation"/>
    <property name="os.name" value="Mac OS X"/>
    <property name="classworlds.conf" value="/usr/local/Cellar/maven/3.6.0/libexec/bin/m2.conf"/>
    <property name="sun.jnu.encoding" value="UTF-8"/>
    <property name="java.library.path" value="/Users/villiburduza/Library/Java/Extensions:/Library/Java/Extensions:/Network/Library/Java/Extensions:/System/Library/Java/Extensions:/usr/lib/java:."/>
    <property name="maven.conf" value="/usr/local/Cellar/maven/3.6.0/libexec/conf"/>
    <property name="java.specification.name" value="Java Platform API Specification"/>
    <property name="java.class.version" value="52.0"/>
    <property name="sun.management.compiler" value="HotSpot 64-Bit Tiered Compilers"/>
    <property name="os.version" value="10.14.2"/>
    <property name="library.jansi.path" value="/usr/local/Cellar/maven/3.6.0/libexec/lib/jansi-native"/>
    <property name="http.nonProxyHosts" value="local|*.local|169.254/16|*.169.254/16"/>
    <property name="user.home" value="/Users/villiburduza"/>
    <property name="user.timezone" value="Europe/Kiev"/>
    <property name="java.awt.printerjob" value="sun.lwawt.macosx.CPrinterJob"/>
    <property name="java.specification.version" value="1.8"/>
    <property name="file.encoding" value="UTF-8"/>
    <property name="user.name" value="villiburduza"/>
    <property name="java.class.path" value="/usr/local/Cellar/maven/3.6.0/libexec/boot/plexus-classworlds-2.5.2.jar"/>
    <property name="java.vm.specification.version" value="1.8"/>
    <property name="sun.arch.data.model" value="64"/>
    <property name="java.home" value="/Library/Java/JavaVirtualMachines/jdk1.8.0_191.jdk/Contents/Home/jre"/>
    <property name="sun.java.command" value="org.codehaus.plexus.classworlds.launcher.Launcher test"/>
    <property name="java.specification.vendor" value="Oracle Corporation"/>
    <property name="user.language" value="en"/>
    <property name="awt.toolkit" value="sun.lwawt.macosx.LWCToolkit"/>
    <property name="java.vm.info" value="mixed mode"/>
    <property name="java.version" value="1.8.0_191"/>
    <property name="java.ext.dirs" value="/Users/villiburduza/Library/Java/Extensions:/Library/Java/JavaVirtualMachines/jdk1.8.0_191.jdk/Contents/Home/jre/lib/ext:/Library/Java/Extensions:/Network/Library/Java/Extensions:/System/Library/Java/Extensions:/usr/lib/java"/>
    <property name="sun.boot.class.path" value="/Library/Java/JavaVirtualMachines/jdk1.8.0_191.jdk/Contents/Home/jre/lib/resources.jar:/Library/Java/JavaVirtualMachines/jdk1.8.0_191.jdk/Contents/Home/jre/lib/rt.jar:/Library/Java/JavaVirtualMachines/jdk1.8.0_191.jdk/Contents/Home/jre/lib/sunrsasign.jar:/Library/Java/JavaVirtualMachines/jdk1.8.0_191.jdk/Contents/Home/jre/lib/jsse.jar:/Library/Java/JavaVirtualMachines/jdk1.8.0_191.jdk/Contents/Home/jre/lib/jce.jar:/Library/Java/JavaVirtualMachines/jdk1.8.0_191.jdk/Contents/Home/jre/lib/charsets.jar:/Library/Java/JavaVirtualMachines/jdk1.8.0_191.jdk/Contents/Home/jre/lib/jfr.jar:/Library/Java/JavaVirtualMachines/jdk1.8.0_191.jdk/Contents/Home/jre/classes"/>
    <property name="java.vendor" value="Oracle Corporation"/>
    <property name="maven.home" value="/usr/local/Cellar/maven/3.6.0/libexec"/>
    <property name="file.separator" value="/"/>
    <property name="java.vendor.url.bug" value="http://bugreport.sun.com/bugreport/"/>
    <property name="sun.cpu.endian" value="little"/>
    <property name="sun.io.unicode.encoding" value="UnicodeBig"/>
    <property name="socksNonProxyHosts" value="local|*.local|169.254/16|*.169.254/16"/>
    <property name="ftp.nonProxyHosts" value="local|*.local|169.254/16|*.169.254/16"/>
    <property name="sun.cpu.isalist" value=""/>
  </properties>
  <testcase classname="Translate save-rescue-configs for Juniper (all platforms)(Translate save-rescue-configs for Juniper (all platforms))" name="Translate save-rescue-configs for Juniper (all platforms)(Translate save-rescue-configs for Juniper " time="0.808">
    <failure message="Cannot find file by path: null" type="java.lang.AssertionError">java.lang.AssertionError: Cannot find file by path: null
	at org.junit.Assert.fail(Assert.java:88)
	at org.junit.Assert.assertTrue(Assert.java:41)
	at util.UtilMethods.getFile(UtilMethods.java:15)
	at Glue.PNP_26237Glue.lambda$new$1(PNP_26237Glue.java:54)
	at ✽.I post save-rescue-config-t to deciphering service(src/test/resources/Features/PNP-26237.feature:7)
</failure>
    <system-out>@26237
Feature: Translate save-rescue-configs for Juniper (all platforms)

  Scenario Outline: Translate save-rescue-configs for Juniper (all platforms) &amp;#27;[90m# src/test/resources/Features/PNP-26237.feature:4&amp;#27;[0m
    &amp;#27;[36mWhen I post &lt;payload&gt; to translation service&amp;#27;[0m
    &amp;#27;[36mWhen I post &lt;payload&gt; to deciphering service&amp;#27;[0m
    &amp;#27;[36mThen I get back &lt;response&gt; and HTTP &lt;code&gt;&amp;#27;[0m

    Examples: 

  @26237
  Scenario Outline: Translate save-rescue-configs for Juniper (all platforms) &amp;#27;[90m# src/test/resources/Features/PNP-26237.feature:12&amp;#27;[0m
    &amp;#27;[32mWhen &amp;#27;[0m&amp;#27;[32mI post &amp;#27;[0m&amp;#27;[32m&amp;#27;[1msave-rescue-config-t&amp;#27;[0m&amp;#27;[32m to translation service&amp;#27;[0m                   &amp;#27;[90m# PNP_26237Glue.java:47&amp;#27;[0m
    &amp;#27;[31mWhen &amp;#27;[0m&amp;#27;[31mI post &amp;#27;[0m&amp;#27;[31m&amp;#27;[1msave-rescue-config-t&amp;#27;[0m&amp;#27;[31m to deciphering service&amp;#27;[0m                   &amp;#27;[90m# PNP_26237Glue.java:52&amp;#27;[0m
      &amp;#27;[31mjava.lang.AssertionError: Cannot find file by path: null
	at org.junit.Assert.fail(Assert.java:88)
	at org.junit.Assert.assertTrue(Assert.java:41)
	at util.UtilMethods.getFile(UtilMethods.java:15)
	at Glue.PNP_26237Glue.lambda$new$1(PNP_26237Glue.java:54)
	at ✽.I post save-rescue-config-t to deciphering service(src/test/resources/Features/PNP-26237.feature:7)
&amp;#27;[0m
    &amp;#27;[36mThen &amp;#27;[0m&amp;#27;[36mI get back &amp;#27;[0m&amp;#27;[36m&amp;#27;[1mtResp&amp;#27;[0m&amp;#27;[36m and HTTP &amp;#27;[0m&amp;#27;[36m&amp;#27;[1m200&amp;#27;[0m                                        &amp;#27;[90m# PNP_26237Glue.java:57&amp;#27;[0m
</system-out>
    <system-err>log4j:WARN No appenders could be found for logger (org.apache.http.client.protocol.RequestAddCookies).
log4j:WARN Please initialize the log4j system properly.
log4j:WARN See http://logging.apache.org/log4j/1.2/faq.html#noconfig for more info.
</system-err>
  </testcase>
  <testcase classname="Translate save-rescue-configs for Juniper (all platforms)(Translate save-rescue-configs for Juniper (all platforms))" name="Translate save-rescue-configs for Juniper (all platforms)(Translate save-rescue-configs for Juniper " time="0">
    <failure message="Cannot find file by path: null" type="java.lang.AssertionError">java.lang.AssertionError: Cannot find file by path: null
	at org.junit.Assert.fail(Assert.java:88)
	at org.junit.Assert.assertTrue(Assert.java:41)
	at util.UtilMethods.getFile(UtilMethods.java:15)
	at Glue.PNP_26237Glue.lambda$new$0(PNP_26237Glue.java:49)
	at ✽.I post save-rescue-config-d to translation service(src/test/resources/Features/PNP-26237.feature:6)
</failure>
    <system-out>
  @26237
  Scenario Outline: Translate save-rescue-configs for Juniper (all platforms) &amp;#27;[90m# src/test/resources/Features/PNP-26237.feature:13&amp;#27;[0m
    &amp;#27;[31mWhen &amp;#27;[0m&amp;#27;[31mI post &amp;#27;[0m&amp;#27;[31m&amp;#27;[1msave-rescue-config-d&amp;#27;[0m&amp;#27;[31m to translation service&amp;#27;[0m                   &amp;#27;[90m# PNP_26237Glue.java:47&amp;#27;[0m
      &amp;#27;[31mjava.lang.AssertionError: Cannot find file by path: null
	at org.junit.Assert.fail(Assert.java:88)
	at org.junit.Assert.assertTrue(Assert.java:41)
	at util.UtilMethods.getFile(UtilMethods.java:15)
	at Glue.PNP_26237Glue.lambda$new$0(PNP_26237Glue.java:49)
	at ✽.I post save-rescue-config-d to translation service(src/test/resources/Features/PNP-26237.feature:6)
&amp;#27;[0m
    &amp;#27;[36mWhen &amp;#27;[0m&amp;#27;[36mI post &amp;#27;[0m&amp;#27;[36m&amp;#27;[1msave-rescue-config-d&amp;#27;[0m&amp;#27;[36m to deciphering service&amp;#27;[0m                   &amp;#27;[90m# PNP_26237Glue.java:52&amp;#27;[0m
    &amp;#27;[36mThen &amp;#27;[0m&amp;#27;[36mI get back &amp;#27;[0m&amp;#27;[36m&amp;#27;[1mdResp&amp;#27;[0m&amp;#27;[36m and HTTP &amp;#27;[0m&amp;#27;[36m&amp;#27;[1m200&amp;#27;[0m                                        &amp;#27;[90m# PNP_26237Glue.java:57&amp;#27;[0m
</system-out>
  </testcase>
  <testcase classname="Translate save-rescue-configs for Juniper (all platforms)(Translate save-rescue-configs for Juniper (all platforms))" name="Translate save-rescue-configs for Juniper (all platforms)(Translate save-rescue-configs for Juniper " time="0.001">
    <failure message="Cannot find file by path: null" type="java.lang.AssertionError">java.lang.AssertionError: Cannot find file by path: null
	at org.junit.Assert.fail(Assert.java:88)
	at org.junit.Assert.assertTrue(Assert.java:41)
	at util.UtilMethods.getFile(UtilMethods.java:15)
	at Glue.PNP_26237Glue.lambda$new$0(PNP_26237Glue.java:49)
	at ✽.I post save-rescue-config-d-er to translation service(src/test/resources/Features/PNP-26237.feature:6)
</failure>
    <system-out>
  @26237
  Scenario Outline: Translate save-rescue-configs for Juniper (all platforms) &amp;#27;[90m# src/test/resources/Features/PNP-26237.feature:14&amp;#27;[0m
    &amp;#27;[31mWhen &amp;#27;[0m&amp;#27;[31mI post &amp;#27;[0m&amp;#27;[31m&amp;#27;[1msave-rescue-config-d-er&amp;#27;[0m&amp;#27;[31m to translation service&amp;#27;[0m                &amp;#27;[90m# PNP_26237Glue.java:47&amp;#27;[0m
      &amp;#27;[31mjava.lang.AssertionError: Cannot find file by path: null
	at org.junit.Assert.fail(Assert.java:88)
	at org.junit.Assert.assertTrue(Assert.java:41)
	at util.UtilMethods.getFile(UtilMethods.java:15)
	at Glue.PNP_26237Glue.lambda$new$0(PNP_26237Glue.java:49)
	at ✽.I post save-rescue-config-d-er to translation service(src/test/resources/Features/PNP-26237.feature:6)
&amp;#27;[0m
    &amp;#27;[36mWhen &amp;#27;[0m&amp;#27;[36mI post &amp;#27;[0m&amp;#27;[36m&amp;#27;[1msave-rescue-config-d-er&amp;#27;[0m&amp;#27;[36m to deciphering service&amp;#27;[0m                &amp;#27;[90m# PNP_26237Glue.java:52&amp;#27;[0m
    &amp;#27;[36mThen &amp;#27;[0m&amp;#27;[36mI get back &amp;#27;[0m&amp;#27;[36m&amp;#27;[1mdErResp&amp;#27;[0m&amp;#27;[36m and HTTP &amp;#27;[0m&amp;#27;[36m&amp;#27;[1m200&amp;#27;[0m                                      &amp;#27;[90m# PNP_26237Glue.java:57&amp;#27;[0m
</system-out>
  </testcase>
</testsuite>