<?xml version="1.0" encoding="UTF-8" ?>
<testsuite tests="5" failures="1" name="Runer.RunTest" time="1.21" errors="1" skipped="0">
  <properties>
[...]
</properties>
  <testcase classname="Translate payload for Juniper translation service (all platforms)(Translate payload for Juniper (all platforms))" name="Translate payload for Juniper translation service (all platforms)(Translate payload for Juniper " time="0.754"/>
  <testcase classname="Translate save-rescue-configs for Juniper deciphering service (all platforms)(Translate payload for Juniper (all platforms))" name="Translate save-rescue-configs for Juniper deciphering service (all platforms)(Translate payload for Juniper " time="0.223">
    <failure message="response.telemetry-system.destination-groups.destination-group[group-id=0].destinations.destination[]: Expected 3 values but got 2 ; response.telemetry-system.sensor-groups.sensor-group[]: Expected 48 values but got 32 ; response.telemetry-system.subscriptions.persistent.subscription[subscription-name=SubSNP].destination-groups.destination-group[]: Expected 3 values but got 2 ; response.telemetry-system.subscriptions.persistent.subscription[subscription-name=SubSNP].sensor-profiles.sensor-profile[]: Expected 48 values but got 32" type="java.lang.AssertionError">java.lang.AssertionError: response.telemetry-system.destination-groups.destination-group[group-id=0].destinations.destination[]: Expected 3 values but got 2 ; response.telemetry-system.sensor-groups.sensor-group[]: Expected 48 values but got 32 ; response.telemetry-system.subscriptions.persistent.subscription[subscription-name=SubSNP].destination-groups.destination-group[]: Expected 3 values but got 2 ; response.telemetry-system.subscriptions.persistent.subscription[subscription-name=SubSNP].sensor-profiles.sensor-profile[]: Expected 48 values but got 32
	at org.skyscreamer.jsonassert.JSONAssert.assertEquals(JSONAssert.java:417)
	at org.skyscreamer.jsonassert.JSONAssert.assertEquals(JSONAssert.java:394)
	at org.skyscreamer.jsonassert.JSONAssert.assertEquals(JSONAssert.java:336)
	at Glue.PNP_24130Glue.lambda$new$3(PNP_24130Glue.java:74)
	at ✽.I get back dResp and HTTP 200 from deciphering service !(src/test/resources/Features/PNP-24130.feature:17)
</failure>
    <system-out>
  Scenario Outline: Translate save-rescue-configs for Juniper deciphering service (all platforms) &amp;#27;[90m# src/test/resources/Features/PNP-24130.feature:14&amp;#27;[0m
    &amp;#27;[36mWhen I post &lt;payload&gt; to deciphering service !&amp;#27;[0m
    &amp;#27;[36mThen I get back &lt;response&gt; and HTTP &lt;code&gt; from deciphering service !&amp;#27;[0m

    Examples: 

  @PNP @PNP_26237
  Scenario Outline: Translate save-rescue-configs for Juniper deciphering service (all platforms) &amp;#27;[90m# src/test/resources/Features/PNP-24130.feature:21&amp;#27;[0m
    &amp;#27;[32mWhen &amp;#27;[0m&amp;#27;[32mI post &amp;#27;[0m&amp;#27;[32m&amp;#27;[1mcommands&amp;#27;[0m&amp;#27;[32m to deciphering service !&amp;#27;[0m                                                 &amp;#27;[90m# PNP_24130Glue.java:50&amp;#27;[0m
    &amp;#27;[31mThen &amp;#27;[0m&amp;#27;[31mI get back &amp;#27;[0m&amp;#27;[31m&amp;#27;[1mdResp&amp;#27;[0m&amp;#27;[31m and HTTP &amp;#27;[0m&amp;#27;[31m&amp;#27;[1m200&amp;#27;[0m&amp;#27;[31m from deciphering service !&amp;#27;[0m                                 &amp;#27;[90m# PNP_24130Glue.java:67&amp;#27;[0m
      &amp;#27;[31mjava.lang.AssertionError: response.telemetry-system.destination-groups.destination-group[group-id=0].destinations.destination[]: Expected 3 values but got 2 ; response.telemetry-system.sensor-groups.sensor-group[]: Expected 48 values but got 32 ; response.telemetry-system.subscriptions.persistent.subscription[subscription-name=SubSNP].destination-groups.destination-group[]: Expected 3 values but got 2 ; response.telemetry-system.subscriptions.persistent.subscription[subscription-name=SubSNP].sensor-profiles.sensor-profile[]: Expected 48 values but got 32
	at org.skyscreamer.jsonassert.JSONAssert.assertEquals(JSONAssert.java:417)
	at org.skyscreamer.jsonassert.JSONAssert.assertEquals(JSONAssert.java:394)
	at org.skyscreamer.jsonassert.JSONAssert.assertEquals(JSONAssert.java:336)
	at Glue.PNP_24130Glue.lambda$new$3(PNP_24130Glue.java:74)
	at ✽.I get back dResp and HTTP 200 from deciphering service !(src/test/resources/Features/PNP-24130.feature:17)
&amp;#27;[0m
</system-out>
  </testcase>
  <testcase classname="Translate save-rescue-configs for Juniper translation service (all platforms)(Translate save-rescue-configs for Juniper (all platforms))" name="Translate save-rescue-configs for Juniper translation service (all platforms)(Translate save-rescue-configs for Juniper " time="0.035">
    <error message="Connection reset" type="java.net.SocketException">java.net.SocketException: Connection reset
	at java.net.SocketInputStream.read(SocketInputStream.java:210)
	at java.net.SocketInputStream.read(SocketInputStream.java:141)
	at org.apache.http.impl.conn.LoggingInputStream.read(LoggingInputStream.java:84)
	at org.apache.http.impl.io.SessionInputBufferImpl.streamRead(SessionInputBufferImpl.java:137)
	at org.apache.http.impl.io.SessionInputBufferImpl.fillBuffer(SessionInputBufferImpl.java:153)
	at org.apache.http.impl.io.SessionInputBufferImpl.readLine(SessionInputBufferImpl.java:282)
	at org.apache.http.impl.conn.DefaultHttpResponseParser.parseHead(DefaultHttpResponseParser.java:138)
	at org.apache.http.impl.conn.DefaultHttpResponseParser.parseHead(DefaultHttpResponseParser.java:56)
	at org.apache.http.impl.io.AbstractMessageParser.parse(AbstractMessageParser.java:259)
	at org.apache.http.impl.DefaultBHttpClientConnection.receiveResponseHeader(DefaultBHttpClientConnection.java:163)
	at org.apache.http.impl.conn.CPoolProxy.receiveResponseHeader(CPoolProxy.java:165)
	at org.apache.http.protocol.HttpRequestExecutor.doReceiveResponse(HttpRequestExecutor.java:273)
	at org.apache.http.protocol.HttpRequestExecutor.execute(HttpRequestExecutor.java:125)
	at org.apache.http.impl.execchain.MainClientExec.execute(MainClientExec.java:272)
	at org.apache.http.impl.execchain.ProtocolExec.execute(ProtocolExec.java:185)
	at org.apache.http.impl.execchain.RetryExec.execute(RetryExec.java:89)
	at org.apache.http.impl.execchain.RedirectExec.execute(RedirectExec.java:111)
	at org.apache.http.impl.client.InternalHttpClient.doExecute(InternalHttpClient.java:185)
	at org.apache.http.impl.client.CloseableHttpClient.execute(CloseableHttpClient.java:83)
	at org.apache.http.impl.client.CloseableHttpClient.execute(CloseableHttpClient.java:56)
	at org.apache.http.client.fluent.Request.internalExecute(Request.java:173)
	at org.apache.http.client.fluent.Request.execute(Request.java:177)
	at Glue.PNP_26237Glue.lambda$new$0(PNP_26237Glue.java:50)
	at ✽.I post save-rescue-config-t to translation service(src/test/resources/Features/PNP-26237.feature:6)
</error>
    <system-out>
@PNP_26237 @PNP
Feature: Translate save-rescue-configs for Juniper (all platforms)

  Scenario Outline: Translate save-rescue-configs for Juniper translation service (all platforms) &amp;#27;[90m# src/test/resources/Features/PNP-26237.feature:4&amp;#27;[0m
    &amp;#27;[36mWhen I post &lt;payload&gt; to translation service&amp;#27;[0m
    &amp;#27;[36mThen I get back &lt;response&gt; and HTTP &lt;code&gt; from translation service&amp;#27;[0m

    Examples: 

  @PNP_26237 @PNP
  Scenario Outline: Translate save-rescue-configs for Juniper translation service (all platforms) &amp;#27;[90m# src/test/resources/Features/PNP-26237.feature:11&amp;#27;[0m
    &amp;#27;[31mWhen &amp;#27;[0m&amp;#27;[31mI post &amp;#27;[0m&amp;#27;[31m&amp;#27;[1msave-rescue-config-t&amp;#27;[0m&amp;#27;[31m to translation service&amp;#27;[0m                                       &amp;#27;[90m# PNP_26237Glue.java:47&amp;#27;[0m
      &amp;#27;[31mjava.net.SocketException: Connection reset
	at java.net.SocketInputStream.read(SocketInputStream.java:210)
	at java.net.SocketInputStream.read(SocketInputStream.java:141)
	at org.apache.http.impl.conn.LoggingInputStream.read(LoggingInputStream.java:84)
	at org.apache.http.impl.io.SessionInputBufferImpl.streamRead(SessionInputBufferImpl.java:137)
	at org.apache.http.impl.io.SessionInputBufferImpl.fillBuffer(SessionInputBufferImpl.java:153)
	at org.apache.http.impl.io.SessionInputBufferImpl.readLine(SessionInputBufferImpl.java:282)
	at org.apache.http.impl.conn.DefaultHttpResponseParser.parseHead(DefaultHttpResponseParser.java:138)
	at org.apache.http.impl.conn.DefaultHttpResponseParser.parseHead(DefaultHttpResponseParser.java:56)
	at org.apache.http.impl.io.AbstractMessageParser.parse(AbstractMessageParser.java:259)
	at org.apache.http.impl.DefaultBHttpClientConnection.receiveResponseHeader(DefaultBHttpClientConnection.java:163)
	at org.apache.http.impl.conn.CPoolProxy.receiveResponseHeader(CPoolProxy.java:165)
	at org.apache.http.protocol.HttpRequestExecutor.doReceiveResponse(HttpRequestExecutor.java:273)
	at org.apache.http.protocol.HttpRequestExecutor.execute(HttpRequestExecutor.java:125)
	at org.apache.http.impl.execchain.MainClientExec.execute(MainClientExec.java:272)
	at org.apache.http.impl.execchain.ProtocolExec.execute(ProtocolExec.java:185)
	at org.apache.http.impl.execchain.RetryExec.execute(RetryExec.java:89)
	at org.apache.http.impl.execchain.RedirectExec.execute(RedirectExec.java:111)
	at org.apache.http.impl.client.InternalHttpClient.doExecute(InternalHttpClient.java:185)
	at org.apache.http.impl.client.CloseableHttpClient.execute(CloseableHttpClient.java:83)
	at org.apache.http.impl.client.CloseableHttpClient.execute(CloseableHttpClient.java:56)
	at org.apache.http.client.fluent.Request.internalExecute(Request.java:173)
	at org.apache.http.client.fluent.Request.execute(Request.java:177)
	at Glue.PNP_26237Glue.lambda$new$0(PNP_26237Glue.java:50)
	at ✽.I post save-rescue-config-t to translation service(src/test/resources/Features/PNP-26237.feature:6)
&amp;#27;[0m
    &amp;#27;[36mThen &amp;#27;[0m&amp;#27;[36mI get back &amp;#27;[0m&amp;#27;[36m&amp;#27;[1mtResp&amp;#27;[0m&amp;#27;[36m and HTTP &amp;#27;[0m&amp;#27;[36m&amp;#27;[1m200&amp;#27;[0m&amp;#27;[36m from translation service&amp;#27;[0m                                   &amp;#27;[90m# PNP_26237Glue.java:58&amp;#27;[0m
</system-out>
  </testcase>
  <testcase classname="Translate save-rescue-configs for Juniper deciphering service (all platforms)(Translate save-rescue-configs for Juniper (all platforms))" name="Translate save-rescue-configs for Juniper deciphering service (all platforms)(Translate save-rescue-configs for Juniper " time="0.156"/>
  <testcase classname="Translate save-rescue-configs for Juniper deciphering service (all platforms)(Translate save-rescue-configs for Juniper (all platforms))" name="Translate save-rescue-configs for Juniper deciphering service (all platforms)(Translate save-rescue-configs for Juniper " time="0.042"/>
</testsuite>