<?xml version="1.0" encoding="UTF-8" ?>
<testsuite tests="3" failures="3" name="Runer.RunTest" time="0.809" errors="0" skipped="0">
  <properties>
[...]
</properties>
  <testcase classname="Translate save-rescue-configs for Juniper (all platforms)(Translate save-rescue-configs for Juniper (all platforms))" name="Translate save-rescue-configs for Juniper (all platforms)(Translate save-rescue-configs for Juniper " time="0.808">
    <failure message="Cannot find file by path: null" type="java.lang.AssertionError">java.lang.AssertionError: Cannot find file by path: null
	at org.junit.Assert.fail(Assert.java:88)
	at org.junit.Assert.assertTrue(Assert.java:41)
	at util.UtilMethods.getFile(UtilMethods.java:15)
	at Glue.PNP_26237Glue.lambda$new$1(PNP_26237Glue.java:54)
	at ✽.I post save-rescue-config-t to deciphering service(src/test/resources/Features/PNP-26237.feature:7)
</failure>
    <system-out>@26237
Feature: Translate save-rescue-configs for Juniper (all platforms)

  Scenario Outline: Translate save-rescue-configs for Juniper (all platforms) &amp;#27;[90m# src/test/resources/Features/PNP-26237.feature:4&amp;#27;[0m
    &amp;#27;[36mWhen I post &lt;payload&gt; to translation service&amp;#27;[0m
    &amp;#27;[36mWhen I post &lt;payload&gt; to deciphering service&amp;#27;[0m
    &amp;#27;[36mThen I get back &lt;response&gt; and HTTP &lt;code&gt;&amp;#27;[0m

    Examples: 

  @26237
  Scenario Outline: Translate save-rescue-configs for Juniper (all platforms) &amp;#27;[90m# src/test/resources/Features/PNP-26237.feature:12&amp;#27;[0m
    &amp;#27;[32mWhen &amp;#27;[0m&amp;#27;[32mI post &amp;#27;[0m&amp;#27;[32m&amp;#27;[1msave-rescue-config-t&amp;#27;[0m&amp;#27;[32m to translation service&amp;#27;[0m                   &amp;#27;[90m# PNP_26237Glue.java:47&amp;#27;[0m
    &amp;#27;[31mWhen &amp;#27;[0m&amp;#27;[31mI post &amp;#27;[0m&amp;#27;[31m&amp;#27;[1msave-rescue-config-t&amp;#27;[0m&amp;#27;[31m to deciphering service&amp;#27;[0m                   &amp;#27;[90m# PNP_26237Glue.java:52&amp;#27;[0m
      &amp;#27;[31mjava.lang.AssertionError: Cannot find file by path: null
	at org.junit.Assert.fail(Assert.java:88)
	at org.junit.Assert.assertTrue(Assert.java:41)
	at util.UtilMethods.getFile(UtilMethods.java:15)
	at Glue.PNP_26237Glue.lambda$new$1(PNP_26237Glue.java:54)
	at ✽.I post save-rescue-config-t to deciphering service(src/test/resources/Features/PNP-26237.feature:7)
&amp;#27;[0m
    &amp;#27;[36mThen &amp;#27;[0m&amp;#27;[36mI get back &amp;#27;[0m&amp;#27;[36m&amp;#27;[1mtResp&amp;#27;[0m&amp;#27;[36m and HTTP &amp;#27;[0m&amp;#27;[36m&amp;#27;[1m200&amp;#27;[0m                                        &amp;#27;[90m# PNP_26237Glue.java:57&amp;#27;[0m
</system-out>
    <system-err>log4j:WARN No appenders could be found for logger (org.apache.http.client.protocol.RequestAddCookies).
log4j:WARN Please initialize the log4j system properly.
log4j:WARN See http://logging.apache.org/log4j/1.2/faq.html#noconfig for more info.
</system-err>
  </testcase>
  <testcase classname="Translate save-rescue-configs for Juniper (all platforms)(Translate save-rescue-configs for Juniper (all platforms))" name="Translate save-rescue-configs for Juniper (all platforms)(Translate save-rescue-configs for Juniper " time="0">
    <failure message="Cannot find file by path: null" type="java.lang.AssertionError">java.lang.AssertionError: Cannot find file by path: null
	at org.junit.Assert.fail(Assert.java:88)
	at org.junit.Assert.assertTrue(Assert.java:41)
	at util.UtilMethods.getFile(UtilMethods.java:15)
	at Glue.PNP_26237Glue.lambda$new$0(PNP_26237Glue.java:49)
	at ✽.I post save-rescue-config-d to translation service(src/test/resources/Features/PNP-26237.feature:6)
</failure>
    <system-out>
  @26237
  Scenario Outline: Translate save-rescue-configs for Juniper (all platforms) &amp;#27;[90m# src/test/resources/Features/PNP-26237.feature:13&amp;#27;[0m
    &amp;#27;[31mWhen &amp;#27;[0m&amp;#27;[31mI post &amp;#27;[0m&amp;#27;[31m&amp;#27;[1msave-rescue-config-d&amp;#27;[0m&amp;#27;[31m to translation service&amp;#27;[0m                   &amp;#27;[90m# PNP_26237Glue.java:47&amp;#27;[0m
      &amp;#27;[31mjava.lang.AssertionError: Cannot find file by path: null
	at org.junit.Assert.fail(Assert.java:88)
	at org.junit.Assert.assertTrue(Assert.java:41)
	at util.UtilMethods.getFile(UtilMethods.java:15)
	at Glue.PNP_26237Glue.lambda$new$0(PNP_26237Glue.java:49)
	at ✽.I post save-rescue-config-d to translation service(src/test/resources/Features/PNP-26237.feature:6)
&amp;#27;[0m
    &amp;#27;[36mWhen &amp;#27;[0m&amp;#27;[36mI post &amp;#27;[0m&amp;#27;[36m&amp;#27;[1msave-rescue-config-d&amp;#27;[0m&amp;#27;[36m to deciphering service&amp;#27;[0m                   &amp;#27;[90m# PNP_26237Glue.java:52&amp;#27;[0m
    &amp;#27;[36mThen &amp;#27;[0m&amp;#27;[36mI get back &amp;#27;[0m&amp;#27;[36m&amp;#27;[1mdResp&amp;#27;[0m&amp;#27;[36m and HTTP &amp;#27;[0m&amp;#27;[36m&amp;#27;[1m200&amp;#27;[0m                                        &amp;#27;[90m# PNP_26237Glue.java:57&amp;#27;[0m
</system-out>
  </testcase>
  <testcase classname="Translate save-rescue-configs for Juniper (all platforms)(Translate save-rescue-configs for Juniper (all platforms))" name="Translate save-rescue-configs for Juniper (all platforms)(Translate save-rescue-configs for Juniper " time="0.001">
    <failure message="Cannot find file by path: null" type="java.lang.AssertionError">java.lang.AssertionError: Cannot find file by path: null
	at org.junit.Assert.fail(Assert.java:88)
	at org.junit.Assert.assertTrue(Assert.java:41)
	at util.UtilMethods.getFile(UtilMethods.java:15)
	at Glue.PNP_26237Glue.lambda$new$0(PNP_26237Glue.java:49)
	at ✽.I post save-rescue-config-d-er to translation service(src/test/resources/Features/PNP-26237.feature:6)
</failure>
    <system-out>
  @26237
  Scenario Outline: Translate save-rescue-configs for Juniper (all platforms) &amp;#27;[90m# src/test/resources/Features/PNP-26237.feature:14&amp;#27;[0m
    &amp;#27;[31mWhen &amp;#27;[0m&amp;#27;[31mI post &amp;#27;[0m&amp;#27;[31m&amp;#27;[1msave-rescue-config-d-er&amp;#27;[0m&amp;#27;[31m to translation service&amp;#27;[0m                &amp;#27;[90m# PNP_26237Glue.java:47&amp;#27;[0m
      &amp;#27;[31mjava.lang.AssertionError: Cannot find file by path: null
	at org.junit.Assert.fail(Assert.java:88)
	at org.junit.Assert.assertTrue(Assert.java:41)
	at util.UtilMethods.getFile(UtilMethods.java:15)
	at Glue.PNP_26237Glue.lambda$new$0(PNP_26237Glue.java:49)
	at ✽.I post save-rescue-config-d-er to translation service(src/test/resources/Features/PNP-26237.feature:6)
&amp;#27;[0m
    &amp;#27;[36mWhen &amp;#27;[0m&amp;#27;[36mI post &amp;#27;[0m&amp;#27;[36m&amp;#27;[1msave-rescue-config-d-er&amp;#27;[0m&amp;#27;[36m to deciphering service&amp;#27;[0m                &amp;#27;[90m# PNP_26237Glue.java:52&amp;#27;[0m
    &amp;#27;[36mThen &amp;#27;[0m&amp;#27;[36mI get back &amp;#27;[0m&amp;#27;[36m&amp;#27;[1mdErResp&amp;#27;[0m&amp;#27;[36m and HTTP &amp;#27;[0m&amp;#27;[36m&amp;#27;[1m200&amp;#27;[0m                                      &amp;#27;[90m# PNP_26237Glue.java:57&amp;#27;[0m
</system-out>
  </testcase>
</testsuite>